09.12.2022 12:49:20	This log contains information about the import schema operation into project 'Database1' on computer 'DESKTOP-3H6B4OD' by user 'krimi'.
09.12.2022 12:49:21	Import of database schema has started.
09.12.2022 12:49:25	Gathering database credentials
09.12.2022 12:49:25	Gathering database options
09.12.2022 12:49:25	Gathering users
09.12.2022 12:49:25	Gathering roles
09.12.2022 12:49:25	Gathering application roles
09.12.2022 12:49:25	Gathering role memberships
09.12.2022 12:49:25	Gathering filegroups
09.12.2022 12:49:25	Gathering full-text catalogs
09.12.2022 12:49:25	Gathering assemblies
09.12.2022 12:49:25	Gathering certificates
09.12.2022 12:49:25	Gathering asymmetric keys
09.12.2022 12:49:25	Gathering symmetric keys
09.12.2022 12:49:25	Gathering encrypted symmetric keys
09.12.2022 12:49:25	Gathering schemas
09.12.2022 12:49:25	Gathering XML schema collections
09.12.2022 12:49:25	Gathering user-defined data types
09.12.2022 12:49:25	Gathering user-defined types
09.12.2022 12:49:25	Gathering table types
09.12.2022 12:49:25	Gathering unique keys for table types
09.12.2022 12:49:25	Gathering primary keys for table types
09.12.2022 12:49:25	Gathering indexes for table types
09.12.2022 12:49:25	Gathering check constraints for table types
09.12.2022 12:49:25	Gathering default constraints for table types
09.12.2022 12:49:25	Gathering partition functions
09.12.2022 12:49:25	Gathering partition schemes
09.12.2022 12:49:25	Gathering functions
09.12.2022 12:49:25	Gathering encrypted functions
09.12.2022 12:49:25	Gathering aggregates
09.12.2022 12:49:25	Gathering procedures
09.12.2022 12:49:25	Gathering encrypted procedures
09.12.2022 12:49:25	Gathering tables
09.12.2022 12:49:25	Gathering primary keys
09.12.2022 12:49:25	Gathering unique constraints
09.12.2022 12:49:25	Gathering foreign keys
09.12.2022 12:49:25	Gathering default constraints
09.12.2022 12:49:25	Gathering check constraints
09.12.2022 12:49:25	Gathering views
09.12.2022 12:49:25	Gathering encrypted views
09.12.2022 12:49:25	Gathering indexes
09.12.2022 12:49:25	Gathering statistics
09.12.2022 12:49:25	Gathering full-text index stoplists
09.12.2022 12:49:25	Gathering search property lists
09.12.2022 12:49:25	Gathering search properties
09.12.2022 12:49:25	Gathering full-text indexes
09.12.2022 12:49:25	Gathering column store indexes
09.12.2022 12:49:25	Gathering spatial indexes
09.12.2022 12:49:25	Gathering XML indexes
09.12.2022 12:49:25	Gathering Selective XML indexes
09.12.2022 12:49:25	Gathering encrypted triggers
09.12.2022 12:49:25	Gathering triggers
09.12.2022 12:49:25	Gathering encrypted and clr ddl triggers
09.12.2022 12:49:25	Gathering ddl triggers
09.12.2022 12:49:25	Gathering synonyms
09.12.2022 12:49:25	Gathering defaults
09.12.2022 12:49:25	Gathering data constraint uddt bindings
09.12.2022 12:49:25	Gathering rules
09.12.2022 12:49:25	Gathering data constraint uddt bindings
09.12.2022 12:49:25	Gathering message types
09.12.2022 12:49:25	Gathering queues
09.12.2022 12:49:25	Gathering contracts
09.12.2022 12:49:25	Gathering services
09.12.2022 12:49:25	Gathering event notifications
09.12.2022 12:49:25	Gathering remote service bindings
09.12.2022 12:49:25	Gathering broker priorities
09.12.2022 12:49:25	Gathering signatures
09.12.2022 12:49:25	Gathering data compression options
09.12.2022 12:49:25	Gathering sequence types
09.12.2022 12:49:25	Gathering security policies
09.12.2022 12:49:25	Gather column encryption keys
09.12.2022 12:49:25	Gathering column master keys
09.12.2022 12:49:25	Gathering external data sources
09.12.2022 12:49:25	Gathering external file formats
09.12.2022 12:49:26	Gathering external tables
09.12.2022 12:49:26	Gathering extended properties
09.12.2022 12:49:26	Gathering credentials
09.12.2022 12:49:26	Gathering logins
09.12.2022 12:49:26	Gathering server audits
09.12.2022 12:49:27	Scanning project for duplicate elements
09.12.2022 12:49:27	Finished duplicate element processing
09.12.2022 12:49:27	Finished importing database.
09.12.2022 12:49:27	A summary of the import was saved to the following location: F:\Studying\labs\3 year\exam\Database1\Import Schema Logs\Database1_20221209104920.log
09.12.2022 12:49:27	Click Finish to continue...
